<?xml version="1.0" encoding="UTF-8"?>
<!-- Generated by org.testng.reporters.JUnitXMLReporter -->
<testsuite ignored="0" hostname="DESKTOP-6VKIIHK" failures="0" tests="1" name="Validating Navigation Bar is presnt or not" time="7.423" errors="0" timestamp="2020-09-12T15:23:50 IST">
  <testcase classname="Academy.validateNavigation" name="ValidateWebNavigation" time="0.0">
    <skipped/>
  </testcase> <!-- ValidateWebNavigation -->
</testsuite> <!-- Validating Navigation Bar is presnt or not -->
