<?xml version="1.0" encoding="UTF-8"?>
<!-- Generated by org.testng.reporters.JUnitXMLReporter -->
<testsuite ignored="0" hostname="DESKTOP-6VKIIHK" failures="0" tests="2" name="Validating User Login usig Cucumber" time="58.308" errors="0" timestamp="2020-04-16T23:22:27 IST">
  <testcase classname="io.cucumber.testng.AbstractTestNGCucumberTests" name="runScenario" time="29.982"/>
  <testcase classname="io.cucumber.testng.AbstractTestNGCucumberTests" name="runScenario" time="27.484"/>
</testsuite> <!-- Validating User Login usig Cucumber -->
